<?xml version="1.0" encoding="UTF-8"?>
<!-- Generated by org.testng.reporters.JUnitReportReporter -->
<testsuite hostname="AniketS-PC" name="testcase.Loginapp" tests="1" failures="0" timestamp="23 Jan 2019 18:14:22 GMT" time="25.038" errors="0">
  <testcase name="login" time="25.038" classname="testcase.Loginapp"/>
</testsuite> <!-- testcase.Loginapp -->
